<?xml version="1.0" encoding="UTF-8"?>
<!-- Generated by org.testng.reporters.JUnitReportReporter -->
<testsuite hostname="DESKTOP-LJ15L86" failures="0" tests="4" name="com.amazon.Testcases.LoginpageTest" time="152.638" errors="0" timestamp="2020-05-08T19:02:21 CDT" skipped="0">
  <testcase classname="com.amazon.Testcases.LoginpageTest" name="LoginPageTitle" time="8.285"/>
  <system-out/>
  <testcase classname="com.amazon.Testcases.LoginpageTest" name="LoginpageLogo" time="9.272"/>
  <system-out/>
  <testcase classname="com.amazon.Testcases.LoginpageTest" name="sign" time="24.743"/>
  <system-out/>
  <testcase classname="com.amazon.Testcases.LoginpageTest" name="Links" time="110.338"/>
  <system-out/>
</testsuite> <!-- com.amazon.Testcases.LoginpageTest -->
